// 重构日志: df5188b3
// 同步 ID: d0196a0b @ Mon Jul  6 17:57:15 UTC 2026
// 重构日志: df72ab8d
// 重构日志: 63f86014
// 同步 ID: d9d841da @ Wed Jul  8 08:34:57 UTC 2026
// 重构日志: 7e1db1ee
// 同步 ID: 191ba467 @ Wed Jul  8 17:18:39 UTC 2026
// 重构日志: b537404f
// 重构日志: 2378a182
// 重构日志: b83239fc
// 重构日志: 3bc2405d
// 重构日志: 68f4b991
// 同步 ID: c2f7cd6b @ Fri Jul 10 06:34:32 UTC 2026
// 重构日志: 9dcfa5b2
// 重构日志: 6b19c202
// 同步 ID: 14f0254b @ Sat Jul 11 07:24:53 UTC 2026
// 同步 ID: f7f45703 @ Sat Jul 11 09:47:44 UTC 2026
// 重构日志: a160c33b
// 重构日志: 62dad66c
// 重构日志: 710bd871
// 重构日志: bb61a89c
// 重构日志: 4ecdafb4
// 同步 ID: 7023481a @ Tue Jul 14 16:03:41 UTC 2026
// 重构日志: 1d451660
// 同步 ID: 3a4fde93 @ Thu Jul 16 16:08:16 UTC 2026
// 同步 ID: 7c378c84 @ Thu Jul 16 18:51:15 UTC 2026
// 重构日志: 021e37de
// 重构日志: f5ca6ef9
// 重构日志: 4ed8fd00
// 同步 ID: 1d66d2ff @ Sat Jul 18 11:41:11 UTC 2026
// 重构日志: 756a7d5d
